<?xml version="1.0" encoding="UTF-8"?>
<!-- Generated by org.testng.reporters.JUnitReportReporter -->
<testsuite hostname="DESKTOP-SK71CD5" failures="0" tests="1" name="AcademyProject.End2End.validationNavigationBar" time="0.215" errors="0" timestamp="2020-12-14T22:49:41 IST" skipped="0">
  <testcase classname="AcademyProject.End2End.validationNavigationBar" name="homPageNavigation" time="0.215"/>
  <system-out/>
</testsuite> <!-- AcademyProject.End2End.validationNavigationBar -->
