<?xml version="1.0" encoding="UTF-8"?>
<!-- Generated by org.testng.reporters.JUnitReportReporter -->
<testsuite hostname="DESKTOP-SK71CD5" failures="0" tests="2" name="AcademyProject.End2End.Homepage" time="18.933" errors="0" timestamp="2020-12-14T22:49:41 IST" skipped="0">
  <testcase classname="AcademyProject.End2End.Homepage" name="homPageNavigation" time="13.454"/>
  <system-out/>
  <testcase classname="AcademyProject.End2End.Homepage" name="homPageNavigation" time="5.479"/>
  <system-out/>
</testsuite> <!-- AcademyProject.End2End.Homepage -->
